[16-05-28 16:53:12] Info: Compiling Paths Pack to bin/build-160528165312357.dll...
[16-05-28 16:53:12] Info: Compiling from `ModSparkLoader.csproj`.
[16-05-28 16:53:12] Info: Resolved assembly reference `Assembly-CSharp` to `c:/program files (x86)/steam\SteamApps\common\Parkitect\Parkitect_Data\Managed\Assembly-CSharp.dll`
[16-05-28 16:53:12] Info: IGNORING assembly reference `Depender`
[16-05-28 16:53:12] Info: Resolved assembly reference `System` to `System.dll`
[16-05-28 16:53:12] Info: Resolved assembly reference `System.Core` to `System.Core.dll`
[16-05-28 16:53:12] Info: Resolved assembly reference `System.Data` to `System.Data.dll`
[16-05-28 16:53:12] Info: Resolved assembly reference `System.Data.DataSetExtensions` to `System.Data.DataSetExtensions.dll`
[16-05-28 16:53:12] Info: Resolved assembly reference `System.Xml` to `System.Xml.dll`
[16-05-28 16:53:12] Info: Resolved assembly reference `System.Xml.Linq` to `System.Xml.Linq.dll`
[16-05-28 16:53:12] Info: Resolved assembly reference `UnityEngine` to `c:/program files (x86)/steam\SteamApps\common\Parkitect\Parkitect_Data\Managed\UnityEngine.dll`
[16-05-28 16:53:12] Info: Resolved assembly reference `UnityEngine.UI` to `c:/program files (x86)/steam\SteamApps\common\Parkitect\Parkitect_Data\Managed\UnityEngine.UI.dll`
[16-05-28 16:53:12] Info: Source files: ModSparkLoader\FlatRideLoader.cs, ModSparkLoader\Main.cs, ModSparkLoader\ModLoader.cs from `C:\Users\karni\Documents\Parkitect\pnmods\Paths Pack`.
[16-05-28 16:53:12] Info: Compile using compiler version v3.5.
[16-05-28 16:01:21] Info: Loaded build-160528160108296, Version=0.0.0.0, Culture=neutral, PublicKeyToken=null.
[16-05-28 16:01:21] Info: Sucessfully registered Custom_Scenery.Main to the mod manager.
[16-05-28 16:15:20] Info: Loaded build-160528161504977, Version=0.0.0.0, Culture=neutral, PublicKeyToken=null.
[16-05-28 16:15:20] Info: Sucessfully registered Custom_Scenery.Main to the mod manager.
[16-05-28 16:40:24] Info: Loaded build-160528161504977, Version=0.0.0.0, Culture=neutral, PublicKeyToken=null.
[16-05-28 16:40:24] Info: Sucessfully registered Custom_Scenery.Main to the mod manager.
[16-05-28 16:53:26] Info: Loaded build-160528165312357, Version=0.0.0.0, Culture=neutral, PublicKeyToken=null.
[16-05-28 16:53:26] Info: Sucessfully registered Custom_Scenery.Main to the mod manager.
